[debug] [2026-03-02T10:42:39.642Z] ----------------------------------------------------------------------
[debug] [2026-03-02T10:42:39.644Z] Command:       C:\nvm4w\nodejs\node.exe C:\nvm4w\nodejs\node_modules\firebase-tools\lib\bin\firebase.js init
[debug] [2026-03-02T10:42:39.644Z] CLI Version:   15.8.0
[debug] [2026-03-02T10:42:39.644Z] Platform:      win32
[debug] [2026-03-02T10:42:39.644Z] Node Version:  v24.11.1
[debug] [2026-03-02T10:42:39.644Z] Time:          Mon Mar 02 2026 16:12:39 GMT+0530 (India Standard Time)
[debug] [2026-03-02T10:42:39.644Z] ----------------------------------------------------------------------
[debug] 
[info] 
     ######## #### ########  ######## ########     ###     ######  ########
     ##        ##  ##     ## ##       ##     ##  ##   ##  ##       ##
     ######    ##  ########  ######   ########  #########  ######  ######
     ##        ##  ##    ##  ##       ##     ## ##     ##       ## ##
     ##       #### ##     ## ######## ########  ##     ##  ######  ########

You're about to initialize a Firebase project in this directory:

  D:\Projects\ksmart

Before we get started, keep in mind:

  * You are initializing within an existing Firebase project directory

[info] 
=== Project Setup
[info] 
[info] First, let's associate this project directory with a Firebase project.
[info] You can create multiple project aliases by running firebase use --add, 
[info] 
[debug] [2026-03-02T10:43:07.224Z] > command requires scopes: ["email","openid","https://www.googleapis.com/auth/cloudplatformprojects.readonly","https://www.googleapis.com/auth/firebase","https://www.googleapis.com/auth/cloud-platform"]
[debug] [2026-03-02T10:43:07.224Z] > authorizing via signed-in user (shiljith07@gmail.com)
[debug] [2026-03-02T10:43:07.224Z] Checked if tokens are valid: true, expires at: 1772451261757
[debug] [2026-03-02T10:43:07.225Z] Checked if tokens are valid: true, expires at: 1772451261757
[debug] [2026-03-02T10:43:07.225Z] >>> [apiv2][query] GET https://firebase.googleapis.com/v1beta1/projects/ksmart-53af4 [none]
[debug] [2026-03-02T10:43:07.697Z] <<< [apiv2][status] GET https://firebase.googleapis.com/v1beta1/projects/ksmart-53af4 200
[debug] [2026-03-02T10:43:07.697Z] <<< [apiv2][body] GET https://firebase.googleapis.com/v1beta1/projects/ksmart-53af4 {"projectId":"ksmart-53af4","projectNumber":"914308941733","displayName":"ksmart","name":"projects/ksmart-53af4","resources":{"hostingSite":"ksmart-53af4"},"state":"ACTIVE","etag":"1_1edb1a65-0c2d-402a-a851-914347de1d5c"}
[info] i  Using project ksmart-53af4 (ksmart) . 
[info] 
=== Hosting Setup
[debug] [2026-03-02T10:43:07.706Z] Checked if tokens are valid: true, expires at: 1772451261757
[debug] [2026-03-02T10:43:07.706Z] Checked if tokens are valid: true, expires at: 1772451261757
[debug] [2026-03-02T10:43:07.706Z] >>> [apiv2][query] GET https://firebase.googleapis.com/v1beta1/projects/ksmart-53af4 [none]
[debug] [2026-03-02T10:43:08.095Z] <<< [apiv2][status] GET https://firebase.googleapis.com/v1beta1/projects/ksmart-53af4 200
[debug] [2026-03-02T10:43:08.095Z] <<< [apiv2][body] GET https://firebase.googleapis.com/v1beta1/projects/ksmart-53af4 {"projectId":"ksmart-53af4","projectNumber":"914308941733","displayName":"ksmart","name":"projects/ksmart-53af4","resources":{"hostingSite":"ksmart-53af4"},"state":"ACTIVE","etag":"1_1edb1a65-0c2d-402a-a851-914347de1d5c"}
[info] 
[info] Your public directory is the folder (relative to your project directory) that
[info] will contain Hosting assets to be uploaded with firebase deploy. If you
[info] have a build process for your assets, use your build's output directory.
[info] 
[info] 
[info] i  Detected a .git folder at D:\Projects\ksmart 
[info] i  Authorizing with GitHub to upload your service account to a GitHub repository's secrets store. 
[info] 
[info] Visit this URL on this device to log in:
[info] https://github.com/login/oauth/authorize?client_id=89cf50f02ac6aaed3484&state=901526383&redirect_uri=http%3A%2F%2Flocalhost%3A9005&scope=read%3Auser%20repo%20public_repo
[info] 
[info] Waiting for authentication...
[debug] [2026-03-02T10:44:50.969Z] >>> [apiv2][query] POST https://github.com/login/oauth/access_token [none]
[debug] [2026-03-02T10:44:50.969Z] >>> [apiv2][body] POST https://github.com/login/oauth/access_token [stream]
[debug] [2026-03-02T10:44:52.109Z] <<< [apiv2][status] POST https://github.com/login/oauth/access_token 200
[debug] [2026-03-02T10:44:52.109Z] <<< [apiv2][body] POST https://github.com/login/oauth/access_token {"access_token":"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","token_type":"bearer","scope":"read:user,repo"}
[debug] [2026-03-02T10:44:52.110Z] >>> [apiv2][query] GET https://api.github.com/user [none]
[debug] [2026-03-02T10:44:52.548Z] <<< [apiv2][status] GET https://api.github.com/user 200
[debug] [2026-03-02T10:44:52.548Z] <<< [apiv2][body] GET https://api.github.com/user {"login":"shiljith-dev","id":247597161,"node_id":"U_kgDODsIIaQ","avatar_url":"https://avatars.githubusercontent.com/u/247597161?v=4","gravatar_id":"","url":"https://api.github.com/users/shiljith-dev","html_url":"https://github.com/shiljith-dev","followers_url":"https://api.github.com/users/shiljith-dev/followers","following_url":"https://api.github.com/users/shiljith-dev/following{/other_user}","gists_url":"https://api.github.com/users/shiljith-dev/gists{/gist_id}","starred_url":"https://api.github.com/users/shiljith-dev/starred{/owner}{/repo}","subscriptions_url":"https://api.github.com/users/shiljith-dev/subscriptions","organizations_url":"https://api.github.com/users/shiljith-dev/orgs","repos_url":"https://api.github.com/users/shiljith-dev/repos","events_url":"https://api.github.com/users/shiljith-dev/events{/privacy}","received_events_url":"https://api.github.com/users/shiljith-dev/received_events","type":"User","user_view_type":"private","site_admin":false,"name":"shiljith-mp","company":null,"blog":"shiljith-mp.web.app","location":null,"email":"shiljithmp@gmail.com","hireable":null,"bio":"MEAN Stack Developer","twitter_username":null,"notification_email":"shiljithmp@gmail.com","public_repos":1,"public_gists":0,"followers":0,"following":0,"created_at":"2025-12-03T13:17:35Z","updated_at":"2025-12-03T13:33:12Z","private_gists":0,"total_private_repos":0,"owned_private_repos":0,"disk_usage":3,"collaborators":0,"two_factor_authentication":false,"plan":{"name":"free","space":976562499,"collaborators":0,"private_repos":10000}}
[info] 
[info] +  Success! Logged into GitHub as shiljith-dev 
[info] 
[debug] [2026-03-02T10:45:26.186Z] >>> [apiv2][query] GET https://api.github.com/repos/ksmart/actions/secrets/public-key type=owner
[debug] [2026-03-02T10:45:26.524Z] <<< [apiv2][status] GET https://api.github.com/repos/ksmart/actions/secrets/public-key 404
[debug] [2026-03-02T10:45:26.524Z] <<< [apiv2][body] GET https://api.github.com/repos/ksmart/actions/secrets/public-key {"message":"Not Found","documentation_url":"https://docs.github.com/rest","status":"404"}
[info] 
[info] 
[error] !  The provided authorization cannot be used with this repository. If this repository is in an organization, did you remember to grant access? 
[info] 
[info] i  Action required: Visit this URL to ensure access has been granted to the appropriate organization(s) for the Firebase CLI GitHub OAuth App: 
[info] https://github.com/settings/connections/applications/89cf50f02ac6aaed3484
[info] 
[debug] [2026-03-02T10:45:33.556Z] ExitPromptError: User force closed the prompt with SIGINT
    at Interface.sigint (C:\Users\shilj\AppData\Local\nvm\v24.11.1\node_modules\firebase-tools\node_modules\@inquirer\core\dist\commonjs\lib\create-prompt.js:101:37)
    at Interface.emit (node:events:508:28)
    at [_ttyWrite] [as _ttyWrite] (node:internal/readline/interface:1317:18)
    at ReadStream.onkeypress (node:internal/readline/interface:284:20)
    at ReadStream.emit (node:events:520:35)
    at emitKeys (node:internal/readline/utils:371:14)
    at emitKeys.next (<anonymous>)
    at ReadStream.onData (node:internal/readline/emitKeypressEvents:64:36)
    at ReadStream.emit (node:events:508:28)
    at addChunk (node:internal/streams/readable:559:12)
[error] 
[error] Error: An unexpected error has occurred.
